CRITICAL: formatting.py - __init__ - line 50
	0/1 forms displayed for medse
CRITICAL: formatting.py - __init__ - line 50
	0/1 forms displayed for nadse
CRITICAL: formatting.py - __init__ - line 50
	0/1 forms displayed for nase
CRITICAL: formatting.py - __init__ - line 50
	0/1 forms displayed for obse
CRITICAL: formatting.py - __init__ - line 50
	0/1 forms displayed for podse
CRITICAL: formatting.py - __init__ - line 50
	0/1 forms displayed for predse
CRITICAL: formatting.py - __init__ - line 50
	0/9 forms displayed for se
CRITICAL: formatting.py - __init__ - line 50
	0/1 forms displayed for skozse
CRITICAL: formatting.py - __init__ - line 50
	0/1 forms displayed for vase
CRITICAL: formatting.py - __init__ - line 50
	0/1 forms displayed for zase
CRITICAL: imports.py - <module> - line 33
	I pooped
CRITICAL: imports.py - <module> - line 33
	I pooped
CRITICAL: imports.py - <module> - line 33
	I pooped
